<?xml version="1.0" encoding="UTF-8"?>
<testng-results skipped="0" failed="1" total="6" passed="5">
  <reporter-output>
  </reporter-output>
  <suite name="Cucumber Framework" duration-ms="475395" started-at="2018-08-09T04:32:53Z" finished-at="2018-08-09T04:40:49Z">
    <groups>
      <group name="cucumber">
        <method signature="AbstractTestNGCucumberTests.feature(cucumber.api.testng.CucumberFeatureWrapper)[pri:0, instance:runners.MainRunner@3f49dace]" name="feature" class="cucumber.api.testng.AbstractTestNGCucumberTests"/>
      </group> <!-- cucumber -->
    </groups>
    <test name="Cucumber Tests" duration-ms="475395" started-at="2018-08-09T04:32:53Z" finished-at="2018-08-09T04:40:49Z">
      <class name="runners.MainRunner">
        <test-method status="PASS" signature="setUpClass()[pri:0, instance:runners.MainRunner@3f49dace]" name="setUpClass" is-config="true" duration-ms="390" started-at="2018-08-09T16:32:53Z" finished-at="2018-08-09T16:32:54Z">
          <reporter-output>
          </reporter-output>
        </test-method> <!-- setUpClass -->
        <test-method status="PASS" signature="feature(cucumber.api.testng.CucumberFeatureWrapper)[pri:0, instance:runners.MainRunner@3f49dace]" name="feature" duration-ms="14811" started-at="2018-08-09T16:32:54Z" description="Runs Cucumber Feature" data-provider="features" finished-at="2018-08-09T16:33:08Z">
          <params>
            <param index="0">
              <value>
                <![CDATA[Application Features Page]]>
              </value>
            </param>
          </params>
          <reporter-output>
          </reporter-output>
        </test-method> <!-- feature -->
        <test-method status="PASS" signature="feature(cucumber.api.testng.CucumberFeatureWrapper)[pri:0, instance:runners.MainRunner@3f49dace]" name="feature" duration-ms="132836" started-at="2018-08-09T16:33:08Z" description="Runs Cucumber Feature" data-provider="features" finished-at="2018-08-09T16:35:21Z">
          <params>
            <param index="0">
              <value>
                <![CDATA[Application Footer]]>
              </value>
            </param>
          </params>
          <reporter-output>
          </reporter-output>
        </test-method> <!-- feature -->
        <test-method status="PASS" signature="feature(cucumber.api.testng.CucumberFeatureWrapper)[pri:0, instance:runners.MainRunner@3f49dace]" name="feature" duration-ms="102429" started-at="2018-08-09T16:35:21Z" description="Runs Cucumber Feature" data-provider="features" finished-at="2018-08-09T16:37:04Z">
          <params>
            <param index="0">
              <value>
                <![CDATA[Application Header]]>
              </value>
            </param>
          </params>
          <reporter-output>
          </reporter-output>
        </test-method> <!-- feature -->
        <test-method status="PASS" signature="feature(cucumber.api.testng.CucumberFeatureWrapper)[pri:0, instance:runners.MainRunner@3f49dace]" name="feature" duration-ms="41789" started-at="2018-08-09T16:37:04Z" description="Runs Cucumber Feature" data-provider="features" finished-at="2018-08-09T16:37:46Z">
          <params>
            <param index="0">
              <value>
                <![CDATA[Application Homepage Body]]>
              </value>
            </param>
          </params>
          <reporter-output>
          </reporter-output>
        </test-method> <!-- feature -->
        <test-method status="PASS" signature="feature(cucumber.api.testng.CucumberFeatureWrapper)[pri:0, instance:runners.MainRunner@3f49dace]" name="feature" duration-ms="46964" started-at="2018-08-09T16:37:46Z" description="Runs Cucumber Feature" data-provider="features" finished-at="2018-08-09T16:38:33Z">
          <params>
            <param index="0">
              <value>
                <![CDATA[Application Pricing Page]]>
              </value>
            </param>
          </params>
          <reporter-output>
          </reporter-output>
        </test-method> <!-- feature -->
        <test-method status="FAIL" signature="feature(cucumber.api.testng.CucumberFeatureWrapper)[pri:0, instance:runners.MainRunner@3f49dace]" name="feature" duration-ms="134910" started-at="2018-08-09T16:38:33Z" description="Runs Cucumber Feature" data-provider="features" finished-at="2018-08-09T16:40:47Z">
          <params>
            <param index="0">
              <value>
                <![CDATA[LogIn]]>
              </value>
            </param>
          </params>
          <exception class="cucumber.runtime.CucumberException">
            <message>
              <![CDATA[org.junit.ComparisonFailure: expected:<https://[www.easypeasyforms.com]/> but was:<https://[go.easypeasyforms.com/SignIn]/>]]>
            </message>
            <full-stacktrace>
              <![CDATA[cucumber.runtime.CucumberException: org.junit.ComparisonFailure: expected:<https://[www.easypeasyforms.com]/> but was:<https://[go.easypeasyforms.com/SignIn]/>
	at cucumber.api.testng.TestNGCucumberRunner.runCucumber(TestNGCucumberRunner.java:69)
	at cucumber.api.testng.AbstractTestNGCucumberTests.feature(AbstractTestNGCucumberTests.java:21)
	at sun.reflect.NativeMethodAccessorImpl.invoke0(Native Method)
	at sun.reflect.NativeMethodAccessorImpl.invoke(NativeMethodAccessorImpl.java:62)
	at sun.reflect.DelegatingMethodAccessorImpl.invoke(DelegatingMethodAccessorImpl.java:43)
	at java.lang.reflect.Method.invoke(Method.java:498)
	at org.testng.internal.MethodInvocationHelper.invokeMethod(MethodInvocationHelper.java:86)
	at org.testng.internal.Invoker.invokeMethod(Invoker.java:643)
	at org.testng.internal.Invoker.invokeTestMethod(Invoker.java:820)
	at org.testng.internal.Invoker.invokeTestMethods(Invoker.java:1128)
	at org.testng.internal.TestMethodWorker.invokeTestMethods(TestMethodWorker.java:129)
	at org.testng.internal.TestMethodWorker.run(TestMethodWorker.java:112)
	at java.util.concurrent.ThreadPoolExecutor.runWorker(ThreadPoolExecutor.java:1142)
	at java.util.concurrent.ThreadPoolExecutor$Worker.run(ThreadPoolExecutor.java:617)
	at java.lang.Thread.run(Thread.java:745)
Caused by: org.junit.ComparisonFailure: expected:<https://[www.easypeasyforms.com]/> but was:<https://[go.easypeasyforms.com/SignIn]/>
	at org.junit.Assert.assertEquals(Assert.java:115)
	at org.junit.Assert.assertEquals(Assert.java:144)
	at stepDefinitions.homePageSteps.ApplicationHeaderSteps.user_should_redirect_on_the_homepage(ApplicationHeaderSteps.java:29)
	at ✽.Then User should redirect on the "https://www.easypeasyforms.com/" homepage(signInPage/ApplicationSignInFunctionality.feature:14)
]]>
            </full-stacktrace>
          </exception> <!-- cucumber.runtime.CucumberException -->
          <reporter-output>
          </reporter-output>
        </test-method> <!-- feature -->
        <test-method status="PASS" signature="tearDownClass()[pri:0, instance:runners.MainRunner@3f49dace]" name="tearDownClass" is-config="true" duration-ms="1089" started-at="2018-08-09T16:40:47Z" finished-at="2018-08-09T16:40:49Z">
          <reporter-output>
          </reporter-output>
        </test-method> <!-- tearDownClass -->
      </class> <!-- runners.MainRunner -->
    </test> <!-- Cucumber Tests -->
  </suite> <!-- Cucumber Framework -->
</testng-results>
